{
  "RSpec": {
    "coverage": {
      "/home/user/Desktop/test-20240307T160233Z-001/test/lohono_stays_task/app/helpers/application_helper.rb": {
        "lines": [
          1,
          null
        ]
      },
      "/home/user/Desktop/test-20240307T160233Z-001/test/lohono_stays_task/app/models/calendar_entry.rb": {
        "lines": [
          1,
          1,
          1,
          null
        ]
      },
      "/home/user/Desktop/test-20240307T160233Z-001/test/lohono_stays_task/app/models/application_record.rb": {
        "lines": [
          1,
          1,
          null
        ]
      },
      "/home/user/Desktop/test-20240307T160233Z-001/test/lohono_stays_task/app/models/villa.rb": {
        "lines": [
          1,
          1,
          null
        ]
      },
      "/home/user/Desktop/test-20240307T160233Z-001/test/lohono_stays_task/app/controllers/villas_controller.rb": {
        "lines": [
          1,
          1,
          1,
          4,
          4,
          null,
          4,
          null,
          null,
          4,
          null,
          null,
          null,
          null,
          null,
          null,
          4,
          null,
          3,
          null,
          null,
          null,
          null,
          null,
          null,
          4,
          4,
          null,
          4,
          6,
          3,
          3,
          null,
          1,
          null,
          null,
          null,
          null,
          null,
          1,
          3,
          3,
          3,
          null,
          3,
          null,
          3,
          2,
          null,
          2,
          2,
          null,
          2,
          1,
          1,
          null,
          1,
          null,
          null,
          1,
          null,
          null,
          null,
          1,
          null,
          1,
          9,
          null,
          null
        ]
      },
      "/home/user/Desktop/test-20240307T160233Z-001/test/lohono_stays_task/app/controllers/application_controller.rb": {
        "lines": [
          1,
          null
        ]
      },
      "/home/user/Desktop/test-20240307T160233Z-001/test/lohono_stays_task/app/channels/application_cable/channel.rb": {
        "lines": [
          0,
          0,
          0,
          0
        ],
        "branches": {
        }
      },
      "/home/user/Desktop/test-20240307T160233Z-001/test/lohono_stays_task/app/channels/application_cable/connection.rb": {
        "lines": [
          0,
          0,
          0,
          0
        ],
        "branches": {
        }
      },
      "/home/user/Desktop/test-20240307T160233Z-001/test/lohono_stays_task/app/jobs/application_job.rb": {
        "lines": [
          0,
          null,
          null,
          null,
          null,
          null,
          0
        ],
        "branches": {
        }
      },
      "/home/user/Desktop/test-20240307T160233Z-001/test/lohono_stays_task/app/mailers/application_mailer.rb": {
        "lines": [
          0,
          0,
          0,
          0
        ],
        "branches": {
        }
      }
    },
    "timestamp": 1717049585
  }
}
